  [4;36;1mSQL (0.1ms)[0m   [0;1mSET SQL_AUTO_IS_NULL=0[0m
  [4;35;1mSQL (0.3ms)[0m   [0mSHOW TABLES[0m
  [4;36;1mSQL (4.2ms)[0m   [0;1mCREATE TABLE `schema_migrations` (`version` varchar(255) NOT NULL) ENGINE=InnoDB[0m
  [4;35;1mSQL (12.9ms)[0m   [0mCREATE UNIQUE INDEX `unique_schema_migrations` ON `schema_migrations` (`version`)[0m
  [4;36;1mSQL (0.3ms)[0m   [0;1mSHOW TABLES[0m
  [4;35;1mSQL (0.3ms)[0m   [0mSELECT version FROM schema_migrations[0m
Migrating to CreateUsers (20100420235108)
  [4;36;1mSQL (3.4ms)[0m   [0;1mCREATE TABLE `users` (`id` int(11) DEFAULT NULL auto_increment PRIMARY KEY, `login` varchar(255), `password` varchar(255), `name` varchar(255), `email` varchar(255), `created_at` datetime, `updated_at` datetime) ENGINE=InnoDB[0m
  [4;35;1mSQL (0.5ms)[0m   [0mINSERT INTO schema_migrations (version) VALUES ('20100420235108')[0m
  [4;36;1mSQL (0.4ms)[0m   [0;1mSHOW TABLES[0m
  [4;35;1mSQL (0.7ms)[0m   [0mSELECT version FROM schema_migrations[0m
  [4;36;1mSQL (0.9ms)[0m   [0;1mSHOW TABLES[0m
  [4;35;1mSQL (2.3ms)[0m   [0mSHOW FIELDS FROM `users`[0m
  [4;36;1mSQL (0.9ms)[0m   [0;1mdescribe `users`[0m
  [4;35;1mSQL (0.4ms)[0m   [0mSHOW KEYS FROM `users`[0m
  [4;36;1mSQL (0.3ms)[0m   [0;1mSET SQL_AUTO_IS_NULL=0[0m


Processing UsersController#index (for 127.0.0.1 at 2010-04-20 21:08:55) [GET]

SyntaxError (/home/yui/dev/controle_horas/app/models/user.rb:5: syntax error, unexpected keyword_in, expecting keyword_end
 validates_length_of :login, in => 4..12
                               ^
/home/yui/dev/controle_horas/app/models/user.rb:6: syntax error, unexpected keyword_in, expecting keyword_end
 validates_length_of :password, in => 5..15
                                  ^
unmatched close parenthesis: /\A[^@\s]+)@((?:[-a-z0-9]+\.)+[a-z]{2,})\Z/):
  app/controllers/users_controller.rb:5:in `index'
  <internal:prelude>:8:in `synchronize'

Rendered rescues/_trace (81.8ms)
Rendered rescues/_request_and_response (1.9ms)
Rendering rescues/layout (internal_server_error)
  [4;35;1mSQL (0.1ms)[0m   [0mSET SQL_AUTO_IS_NULL=0[0m


Processing UsersController#index (for 127.0.0.1 at 2010-04-20 21:09:53) [GET]

SyntaxError (/home/yui/dev/controle_horas/app/models/user.rb:7: unmatched close parenthesis: /\A[^@\s]+)@((?:[-a-z0-9]+\.)+[a-z]{2,})\Z/):
  app/controllers/users_controller.rb:5:in `index'
  <internal:prelude>:8:in `synchronize'

Rendered rescues/_trace (88.3ms)
Rendered rescues/_request_and_response (0.5ms)
Rendering rescues/layout (internal_server_error)
  [4;36;1mSQL (0.1ms)[0m   [0;1mSET SQL_AUTO_IS_NULL=0[0m


Processing UsersController#index (for 127.0.0.1 at 2010-04-20 21:10:29) [GET]
  [4;35;1mUser Load (0.4ms)[0m   [0mSELECT * FROM `users` [0m
Rendering template within layouts/users
Rendering users/index
Completed in 153ms (View: 147, DB: 1) | 200 OK [http://127.0.0.1/users]
  [4;36;1mSQL (0.3ms)[0m   [0;1mSET SQL_AUTO_IS_NULL=0[0m


Processing UsersController#new (for 127.0.0.1 at 2010-04-20 21:10:34) [GET]
  [4;35;1mUser Columns (1.0ms)[0m   [0mSHOW FIELDS FROM `users`[0m
Rendering template within layouts/users
Rendering users/new
Rendered users/_form (5.6ms)
Completed in 41ms (View: 33, DB: 1) | 200 OK [http://127.0.0.1/users/new]
  [4;36;1mSQL (0.1ms)[0m   [0;1mSET SQL_AUTO_IS_NULL=0[0m


Processing UsersController#index (for 127.0.0.1 at 2010-04-20 21:10:36) [GET]
  [4;35;1mUser Load (0.4ms)[0m   [0mSELECT * FROM `users` [0m
Rendering template within layouts/users
Rendering users/index
Completed in 9ms (View: 3, DB: 0) | 200 OK [http://127.0.0.1/users]
  [4;36;1mSQL (0.1ms)[0m   [0;1mSET SQL_AUTO_IS_NULL=0[0m


Processing UsersController#new (for 127.0.0.1 at 2010-04-20 21:10:39) [GET]
  [4;35;1mUser Columns (0.9ms)[0m   [0mSHOW FIELDS FROM `users`[0m
Rendering template within layouts/users
Rendering users/new
Rendered users/_form (4.3ms)
Completed in 50ms (View: 43, DB: 1) | 200 OK [http://127.0.0.1/users/new]
  [4;36;1mSQL (0.2ms)[0m   [0;1mSET SQL_AUTO_IS_NULL=0[0m


Processing UsersController#create (for 127.0.0.1 at 2010-04-20 21:10:41) [POST]
  Parameters: {"authenticity_token"=>"j6WflPTYVZq6NAN+W9PqcUwLjt0DIN6qR45AoyeGli4=", "user"=>{"login"=>"", "password"=>"", "name"=>"", "email"=>""}, "commit"=>"Create"}
  [4;35;1mUser Columns (1.0ms)[0m   [0mSHOW FIELDS FROM `users`[0m
  [4;36;1mSQL (0.1ms)[0m   [0;1mBEGIN[0m
  [4;35;1mUser Load (56.2ms)[0m   [0mSELECT `users`.id FROM `users` WHERE (`users`.`login` = BINARY '') LIMIT 1[0m
  [4;36;1mUser Load (0.4ms)[0m   [0;1mSELECT `users`.id FROM `users` WHERE (`users`.`email` = BINARY '') LIMIT 1[0m
  [4;35;1mSQL (2.2ms)[0m   [0mROLLBACK[0m
Rendering template within layouts/users
Rendering users/new
Rendered users/_form (61.2ms)
Completed in 137ms (View: 64, DB: 60) | 200 OK [http://127.0.0.1/users]
